<?xml version="1.0" encoding="UTF-8"?>
<!-- Generated by org.testng.reporters.JUnitReportReporter -->
<testsuite hostname="DESKTOP-P1TMLVQ" name="FB.Testfb" tests="1" failures="0" timestamp="21 Oct 2020 04:58:32 GMT" time="0.082" errors="0">
  <testcase name="test" time="0.082" classname="FB.Testfb"/>
</testsuite> <!-- FB.Testfb -->
