<?xml version="1.0" encoding="UTF-8"?>
<!-- Generated by org.testng.reporters.JUnitReportReporter -->
<testsuite hostname="DESKTOP-P1TMLVQ" name="com.hrishi.Property" tests="1" failures="0" timestamp="2 Aug 2020 13:22:11 GMT" time="1.415" errors="0">
  <testcase name="signup" time="1.415" classname="com.hrishi.Property"/>
</testsuite> <!-- com.hrishi.Property -->
