<?xml version="1.0" encoding="UTF-8"?>
<!-- Generated by org.testng.reporters.JUnitReportReporter -->
<testsuite hostname="DESKTOP-P1TMLVQ" name="com.hrishi.MercurySignUp" tests="2" failures="0" timestamp="15 Jan 2021 13:54:56 GMT" time="18.463" errors="0">
  <testcase name="register" time="9.389" classname="com.hrishi.MercurySignUp"/>
  <testcase name="register" time="9.074" classname="com.hrishi.MercurySignUp"/>
</testsuite> <!-- com.hrishi.MercurySignUp -->
