<?xml version="1.0" encoding="UTF-8"?>
<!-- Generated by org.testng.reporters.JUnitReportReporter -->
<testsuite hostname="DESKTOP-P1TMLVQ" name="com.hrishi.DemoMavenTestNG" tests="1" failures="0" timestamp="2 Aug 2020 12:58:57 GMT" time="1.852" errors="0">
  <testcase name="signup" time="1.852" classname="com.hrishi.DemoMavenTestNG"/>
</testsuite> <!-- com.hrishi.DemoMavenTestNG -->
